\BOOKMARK [0][-]{chapter*.1}{Voorwoord}{}
\BOOKMARK [0][-]{chapter*.3}{Samenvatting}{}
\BOOKMARK [0][-]{chapter*.4}{Summary}{}
\BOOKMARK [0][-]{chapter*.5}{Verklarende woordenlijst}{}
\BOOKMARK [0][-]{chapter.1}{Inleiding}{}
\BOOKMARK [0][-]{chapter.2}{Proces}{}
\BOOKMARK [1][-]{section.2.1}{Projectmanagement}{chapter.2}
\BOOKMARK [1][-]{section.2.2}{Besprekingen}{chapter.2}
\BOOKMARK [1][-]{section.2.3}{Initi\353le Planning}{chapter.2}
\BOOKMARK [1][-]{section.2.4}{Definitieve Resultaat}{chapter.2}
\BOOKMARK [0][-]{chapter.3}{De opdracht}{}
\BOOKMARK [0][-]{chapter.4}{Onderzoek}{}
\BOOKMARK [1][-]{section.4.1}{CAN Hardware}{chapter.4}
\BOOKMARK [1][-]{section.4.2}{Definitie}{chapter.4}
\BOOKMARK [2][-]{subsection.4.2.1}{Overzicht}{section.4.2}
\BOOKMARK [1][-]{section.4.3}{Uitbreidbaarheid}{chapter.4}
\BOOKMARK [0][-]{chapter.5}{Implementatie}{}
\BOOKMARK [1][-]{section.5.1}{Ontwerp}{chapter.5}
\BOOKMARK [1][-]{section.5.2}{Documentatie}{chapter.5}
\BOOKMARK [0][-]{chapter.6}{Conclusie}{}
\BOOKMARK [0][-]{chapter.7}{Bronvermelding}{}
\BOOKMARK [0][-]{appendix.A}{Plan van Aanpak}{}
\BOOKMARK [1][-]{section.A.1}{Inleiding}{appendix.A}
\BOOKMARK [1][-]{section.A.2}{Delem}{appendix.A}
\BOOKMARK [2][-]{subsection.A.2.1}{Afdeling Development}{section.A.2}
\BOOKMARK [2][-]{subsection.A.2.2}{Organigram}{section.A.2}
\BOOKMARK [1][-]{section.A.3}{Achtergrond}{appendix.A}
\BOOKMARK [2][-]{subsection.A.3.1}{De pers}{section.A.3}
\BOOKMARK [2][-]{subsection.A.3.2}{De modules}{section.A.3}
\BOOKMARK [1][-]{section.A.4}{Het project}{appendix.A}
\BOOKMARK [2][-]{subsection.A.4.1}{Informatie vooraf}{section.A.4}
\BOOKMARK [2][-]{subsection.A.4.2}{Organisatie}{section.A.4}
\BOOKMARK [2][-]{subsection.A.4.3}{Probleemstelling}{section.A.4}
\BOOKMARK [2][-]{subsection.A.4.4}{Resultaat}{section.A.4}
\BOOKMARK [2][-]{subsection.A.4.5}{Randvoorwaarden}{section.A.4}
\BOOKMARK [2][-]{subsection.A.4.6}{Risico's}{section.A.4}
\BOOKMARK [2][-]{subsection.A.4.7}{Fasering}{section.A.4}
\BOOKMARK [2][-]{subsection.A.4.8}{Hulpprogramma's}{section.A.4}
\BOOKMARK [2][-]{subsection.A.4.9}{Analyses}{section.A.4}
\BOOKMARK [1][-]{section.A.5}{Planning}{appendix.A}
\BOOKMARK [2][-]{subsection.A.5.1}{Overzicht}{section.A.5}
\BOOKMARK [2][-]{subsection.A.5.2}{Toelichting}{section.A.5}
\BOOKMARK [1][-]{section.A.6}{Beheersaspecten}{appendix.A}
\BOOKMARK [2][-]{subsection.A.6.1}{Geld}{section.A.6}
\BOOKMARK [2][-]{subsection.A.6.2}{Organisatie}{section.A.6}
\BOOKMARK [2][-]{subsection.A.6.3}{Kwaliteit}{section.A.6}
\BOOKMARK [2][-]{subsection.A.6.4}{Informatie}{section.A.6}
\BOOKMARK [2][-]{subsection.A.6.5}{Tijd}{section.A.6}
\BOOKMARK [1][-]{section.A.7}{Conclusie / Aanbevelingen}{appendix.A}
\BOOKMARK [0][-]{appendix.B}{Communicatieplan}{}
\BOOKMARK [1][-]{section.B.1}{Betrokkenen}{appendix.B}
\BOOKMARK [2][-]{subsection.B.1.1}{Student}{section.B.1}
\BOOKMARK [2][-]{subsection.B.1.2}{Bedrijf}{section.B.1}
\BOOKMARK [2][-]{subsection.B.1.3}{Fontys Hogescholen Informatica}{section.B.1}
\BOOKMARK [1][-]{section.B.2}{Algemeen}{appendix.B}
\BOOKMARK [1][-]{section.B.3}{Te ontvangen documenten door docentbegeleider}{appendix.B}
\BOOKMARK [1][-]{section.B.4}{Te ontvangen documenten door stagiair}{appendix.B}
\BOOKMARK [0][-]{appendix.C}{Gebruikte software}{}
